This file contains any messages produced by compilers while
running configure, to aid debugging if configure makes a mistake.

It was created by drgeo configure 1.1.0, which was
generated by GNU Autoconf 2.68.  Invocation command line was

  $ ./configure --prefix=/usr

## --------- ##
## Platform. ##
## --------- ##

hostname = devinder-Vostro-1450
uname -m = x86_64
uname -r = 3.2.0-58-generic
uname -s = Linux
uname -v = #88-Ubuntu SMP Tue Dec 3 17:37:58 UTC 2013

/usr/bin/uname -p = unknown
/bin/uname -X     = unknown

/bin/arch              = unknown
/usr/bin/arch -k       = unknown
/usr/convex/getsysinfo = unknown
/usr/bin/hostinfo      = unknown
/bin/machine           = unknown
/usr/bin/oslevel       = unknown
/bin/universe          = unknown

PATH: /usr/lib/lightdm/lightdm
PATH: /usr/local/sbin
PATH: /usr/local/bin
PATH: /usr/sbin
PATH: /usr/bin
PATH: /sbin
PATH: /bin
PATH: /usr/games
PATH: /usr/brlcad/bin


## ----------- ##
## Core tests. ##
## ----------- ##

configure:2399: checking whether NLS is requested
configure:2408: result: yes
configure:2460: checking for gcc
configure:2476: found /usr/bin/gcc
configure:2487: result: gcc
configure:2716: checking for C compiler version
configure:2725: gcc --version >&5
gcc (Ubuntu/Linaro 4.6.3-1ubuntu5) 4.6.3
Copyright (C) 2011 Free Software Foundation, Inc.
This is free software; see the source for copying conditions.  There is NO
warranty; not even for MERCHANTABILITY or FITNESS FOR A PARTICULAR PURPOSE.

configure:2736: $? = 0
configure:2725: gcc -v >&5
Using built-in specs.
COLLECT_GCC=gcc
COLLECT_LTO_WRAPPER=/usr/lib/gcc/x86_64-linux-gnu/4.6/lto-wrapper
Target: x86_64-linux-gnu
Configured with: ../src/configure -v --with-pkgversion='Ubuntu/Linaro 4.6.3-1ubuntu5' --with-bugurl=file:///usr/share/doc/gcc-4.6/README.Bugs --enable-languages=c,c++,fortran,objc,obj-c++ --prefix=/usr --program-suffix=-4.6 --enable-shared --enable-linker-build-id --with-system-zlib --libexecdir=/usr/lib --without-included-gettext --enable-threads=posix --with-gxx-include-dir=/usr/include/c++/4.6 --libdir=/usr/lib --enable-nls --with-sysroot=/ --enable-clocale=gnu --enable-libstdcxx-debug --enable-libstdcxx-time=yes --enable-gnu-unique-object --enable-plugin --enable-objc-gc --disable-werror --with-arch-32=i686 --with-tune=generic --enable-checking=release --build=x86_64-linux-gnu --host=x86_64-linux-gnu --target=x86_64-linux-gnu
Thread model: posix
gcc version 4.6.3 (Ubuntu/Linaro 4.6.3-1ubuntu5) 
configure:2736: $? = 0
configure:2725: gcc -V >&5
gcc: error: unrecognized option '-V'
gcc: fatal error: no input files
compilation terminated.
configure:2736: $? = 4
configure:2725: gcc -qversion >&5
gcc: error: unrecognized option '-qversion'
gcc: fatal error: no input files
compilation terminated.
configure:2736: $? = 4
configure:2756: checking whether the C compiler works
configure:2778: gcc    conftest.c  >&5
configure:2782: $? = 0
configure:2830: result: yes
configure:2833: checking for C compiler default output file name
configure:2835: result: a.out
configure:2841: checking for suffix of executables
configure:2848: gcc -o conftest    conftest.c  >&5
configure:2852: $? = 0
configure:2874: result: 
configure:2896: checking whether we are cross compiling
configure:2904: gcc -o conftest    conftest.c  >&5
configure:2908: $? = 0
configure:2915: ./conftest
configure:2919: $? = 0
configure:2934: result: no
configure:2939: checking for suffix of object files
configure:2961: gcc -c   conftest.c >&5
configure:2965: $? = 0
configure:2986: result: o
configure:2990: checking whether we are using the GNU C compiler
configure:3009: gcc -c   conftest.c >&5
configure:3009: $? = 0
configure:3018: result: yes
configure:3027: checking whether gcc accepts -g
configure:3047: gcc -c -g  conftest.c >&5
configure:3047: $? = 0
configure:3088: result: yes
configure:3105: checking for gcc option to accept ISO C89
configure:3169: gcc  -c -g -O2  conftest.c >&5
configure:3169: $? = 0
configure:3182: result: none needed
configure:3227: checking for intltool-update
configure:3245: found /usr/bin/intltool-update
configure:3257: result: /usr/bin/intltool-update
configure:3267: checking for intltool-merge
configure:3285: found /usr/bin/intltool-merge
configure:3297: result: /usr/bin/intltool-merge
configure:3307: checking for intltool-extract
configure:3325: found /usr/bin/intltool-extract
configure:3337: result: /usr/bin/intltool-extract
configure:3491: checking for xgettext
configure:3509: found /usr/bin/xgettext
configure:3521: result: /usr/bin/xgettext
configure:3531: checking for msgmerge
configure:3549: found /usr/bin/msgmerge
configure:3561: result: /usr/bin/msgmerge
configure:3571: checking for msgfmt
configure:3589: found /usr/bin/msgfmt
configure:3601: result: /usr/bin/msgfmt
configure:3611: checking for gmsgfmt
configure:3642: result: /usr/bin/msgfmt
configure:3662: checking for perl
configure:3680: found /usr/bin/perl
configure:3692: result: /usr/bin/perl
configure:3703: checking for perl >= 5.8.1
configure:3710: result: 5.14.2
configure:3714: checking for XML::Parser
configure:3717: result: ok
configure:3742: gcc -o conftest -g -O2   conftest.c  >&5
configure:3742: $? = 0
configure:3814: checking for a BSD-compatible install
configure:3882: result: /usr/bin/install -c
configure:3893: checking whether build environment is sane
configure:3943: result: yes
configure:4084: checking for a thread-safe mkdir -p
configure:4123: result: /bin/mkdir -p
configure:4136: checking for gawk
configure:4166: result: no
configure:4136: checking for mawk
configure:4152: found /usr/bin/mawk
configure:4163: result: mawk
configure:4174: checking whether make sets $(MAKE)
configure:4196: result: yes
configure:4226: checking for style of include used by make
configure:4254: result: GNU
configure:4340: checking dependency style of gcc
configure:4451: result: gcc3
configure:4471: checking whether to enable maintainer-specific portions of Makefiles
configure:4480: result: no
configure:4555: checking for g++
configure:4571: found /usr/bin/g++
configure:4582: result: g++
configure:4609: checking for C++ compiler version
configure:4618: g++ --version >&5
g++ (Ubuntu/Linaro 4.6.3-1ubuntu5) 4.6.3
Copyright (C) 2011 Free Software Foundation, Inc.
This is free software; see the source for copying conditions.  There is NO
warranty; not even for MERCHANTABILITY or FITNESS FOR A PARTICULAR PURPOSE.

configure:4629: $? = 0
configure:4618: g++ -v >&5
Using built-in specs.
COLLECT_GCC=g++
COLLECT_LTO_WRAPPER=/usr/lib/gcc/x86_64-linux-gnu/4.6/lto-wrapper
Target: x86_64-linux-gnu
Configured with: ../src/configure -v --with-pkgversion='Ubuntu/Linaro 4.6.3-1ubuntu5' --with-bugurl=file:///usr/share/doc/gcc-4.6/README.Bugs --enable-languages=c,c++,fortran,objc,obj-c++ --prefix=/usr --program-suffix=-4.6 --enable-shared --enable-linker-build-id --with-system-zlib --libexecdir=/usr/lib --without-included-gettext --enable-threads=posix --with-gxx-include-dir=/usr/include/c++/4.6 --libdir=/usr/lib --enable-nls --with-sysroot=/ --enable-clocale=gnu --enable-libstdcxx-debug --enable-libstdcxx-time=yes --enable-gnu-unique-object --enable-plugin --enable-objc-gc --disable-werror --with-arch-32=i686 --with-tune=generic --enable-checking=release --build=x86_64-linux-gnu --host=x86_64-linux-gnu --target=x86_64-linux-gnu
Thread model: posix
gcc version 4.6.3 (Ubuntu/Linaro 4.6.3-1ubuntu5) 
configure:4629: $? = 0
configure:4618: g++ -V >&5
g++: error: unrecognized option '-V'
g++: fatal error: no input files
compilation terminated.
configure:4629: $? = 4
configure:4618: g++ -qversion >&5
g++: error: unrecognized option '-qversion'
g++: fatal error: no input files
compilation terminated.
configure:4629: $? = 4
configure:4633: checking whether we are using the GNU C++ compiler
configure:4652: g++ -c   conftest.cpp >&5
configure:4652: $? = 0
configure:4661: result: yes
configure:4670: checking whether g++ accepts -g
configure:4690: g++ -c -g  conftest.cpp >&5
configure:4690: $? = 0
configure:4731: result: yes
configure:4756: checking dependency style of g++
configure:4867: result: gcc3
configure:4930: checking for gcc
configure:4957: result: gcc
configure:5186: checking for C compiler version
configure:5195: gcc --version >&5
gcc (Ubuntu/Linaro 4.6.3-1ubuntu5) 4.6.3
Copyright (C) 2011 Free Software Foundation, Inc.
This is free software; see the source for copying conditions.  There is NO
warranty; not even for MERCHANTABILITY or FITNESS FOR A PARTICULAR PURPOSE.

configure:5206: $? = 0
configure:5195: gcc -v >&5
Using built-in specs.
COLLECT_GCC=gcc
COLLECT_LTO_WRAPPER=/usr/lib/gcc/x86_64-linux-gnu/4.6/lto-wrapper
Target: x86_64-linux-gnu
Configured with: ../src/configure -v --with-pkgversion='Ubuntu/Linaro 4.6.3-1ubuntu5' --with-bugurl=file:///usr/share/doc/gcc-4.6/README.Bugs --enable-languages=c,c++,fortran,objc,obj-c++ --prefix=/usr --program-suffix=-4.6 --enable-shared --enable-linker-build-id --with-system-zlib --libexecdir=/usr/lib --without-included-gettext --enable-threads=posix --with-gxx-include-dir=/usr/include/c++/4.6 --libdir=/usr/lib --enable-nls --with-sysroot=/ --enable-clocale=gnu --enable-libstdcxx-debug --enable-libstdcxx-time=yes --enable-gnu-unique-object --enable-plugin --enable-objc-gc --disable-werror --with-arch-32=i686 --with-tune=generic --enable-checking=release --build=x86_64-linux-gnu --host=x86_64-linux-gnu --target=x86_64-linux-gnu
Thread model: posix
gcc version 4.6.3 (Ubuntu/Linaro 4.6.3-1ubuntu5) 
configure:5206: $? = 0
configure:5195: gcc -V >&5
gcc: error: unrecognized option '-V'
gcc: fatal error: no input files
compilation terminated.
configure:5206: $? = 4
configure:5195: gcc -qversion >&5
gcc: error: unrecognized option '-qversion'
gcc: fatal error: no input files
compilation terminated.
configure:5206: $? = 4
configure:5210: checking whether we are using the GNU C compiler
configure:5238: result: yes
configure:5247: checking whether gcc accepts -g
configure:5308: result: yes
configure:5325: checking for gcc option to accept ISO C89
configure:5402: result: none needed
configure:5427: checking how to run the C preprocessor
configure:5458: gcc -E  conftest.c
configure:5458: $? = 0
configure:5472: gcc -E  conftest.c
conftest.c:11:28: fatal error: ac_nonexistent.h: No such file or directory
compilation terminated.
configure:5472: $? = 1
configure: failed program was:
| /* confdefs.h */
| #define PACKAGE_NAME "drgeo"
| #define PACKAGE_TARNAME "drgeo"
| #define PACKAGE_VERSION "1.1.0"
| #define PACKAGE_STRING "drgeo 1.1.0"
| #define PACKAGE_BUGREPORT "http://bugzilla.gnome.org/enter_bug.cgi?product=drgeo"
| #define PACKAGE_URL ""
| #define PACKAGE "drgeo"
| #define VERSION "1.1.0"
| /* end confdefs.h.  */
| #include <ac_nonexistent.h>
configure:5497: result: gcc -E
configure:5517: gcc -E  conftest.c
configure:5517: $? = 0
configure:5531: gcc -E  conftest.c
conftest.c:11:28: fatal error: ac_nonexistent.h: No such file or directory
compilation terminated.
configure:5531: $? = 1
configure: failed program was:
| /* confdefs.h */
| #define PACKAGE_NAME "drgeo"
| #define PACKAGE_TARNAME "drgeo"
| #define PACKAGE_VERSION "1.1.0"
| #define PACKAGE_STRING "drgeo 1.1.0"
| #define PACKAGE_BUGREPORT "http://bugzilla.gnome.org/enter_bug.cgi?product=drgeo"
| #define PACKAGE_URL ""
| #define PACKAGE "drgeo"
| #define VERSION "1.1.0"
| /* end confdefs.h.  */
| #include <ac_nonexistent.h>
configure:5560: checking whether ln -s works
configure:5564: result: yes
configure:5571: checking whether make sets $(MAKE)
configure:5593: result: yes
configure:5631: checking build system type
configure:5645: result: x86_64-unknown-linux-gnu
configure:5665: checking host system type
configure:5678: result: x86_64-unknown-linux-gnu
configure:5719: checking how to print strings
configure:5746: result: printf
configure:5767: checking for a sed that does not truncate output
configure:5831: result: /bin/sed
configure:5849: checking for grep that handles long lines and -e
configure:5907: result: /bin/grep
configure:5912: checking for egrep
configure:5974: result: /bin/grep -E
configure:5979: checking for fgrep
configure:6041: result: /bin/grep -F
configure:6076: checking for ld used by gcc
configure:6143: result: /usr/bin/ld
configure:6150: checking if the linker (/usr/bin/ld) is GNU ld
configure:6165: result: yes
configure:6177: checking for BSD- or MS-compatible name lister (nm)
configure:6226: result: /usr/bin/nm -B
configure:6356: checking the name lister (/usr/bin/nm -B) interface
configure:6363: gcc -c -g -O2  conftest.c >&5
configure:6366: /usr/bin/nm -B "conftest.o"
configure:6369: output
0000000000000000 B some_variable
configure:6376: result: BSD nm
configure:6380: checking the maximum length of command line arguments
configure:6510: result: 1572864
configure:6527: checking whether the shell understands some XSI constructs
configure:6537: result: yes
configure:6541: checking whether the shell understands "+="
configure:6547: result: yes
configure:6582: checking how to convert x86_64-unknown-linux-gnu file names to x86_64-unknown-linux-gnu format
configure:6622: result: func_convert_file_noop
configure:6629: checking how to convert x86_64-unknown-linux-gnu file names to toolchain format
configure:6649: result: func_convert_file_noop
configure:6656: checking for /usr/bin/ld option to reload object files
configure:6663: result: -r
configure:6737: checking for objdump
configure:6753: found /usr/bin/objdump
configure:6764: result: objdump
configure:6796: checking how to recognize dependent libraries
configure:6998: result: pass_all
configure:7083: checking for dlltool
configure:7113: result: no
configure:7143: checking how to associate runtime and link libraries
configure:7170: result: printf %s\n
configure:7230: checking for ar
configure:7246: found /usr/bin/ar
configure:7257: result: ar
configure:7294: checking for archiver @FILE support
configure:7311: gcc -c -g -O2  conftest.c >&5
configure:7311: $? = 0
configure:7314: ar cru libconftest.a @conftest.lst >&5
configure:7317: $? = 0
configure:7322: ar cru libconftest.a @conftest.lst >&5
ar: conftest.o: No such file or directory
configure:7325: $? = 1
configure:7337: result: @
configure:7395: checking for strip
configure:7411: found /usr/bin/strip
configure:7422: result: strip
configure:7494: checking for ranlib
configure:7510: found /usr/bin/ranlib
configure:7521: result: ranlib
configure:7623: checking command to parse /usr/bin/nm -B output from gcc object
configure:7743: gcc -c -g -O2  conftest.c >&5
configure:7746: $? = 0
configure:7750: /usr/bin/nm -B conftest.o \| sed -n -e 's/^.*[ ]\([ABCDGIRSTW][ABCDGIRSTW]*\)[ ][ ]*\([_A-Za-z][_A-Za-z0-9]*\)$/\1 \2 \2/p' | sed '/ __gnu_lto/d' \> conftest.nm
configure:7753: $? = 0
configure:7819: gcc -o conftest -g -O2   conftest.c conftstm.o >&5
configure:7822: $? = 0
configure:7860: result: ok
configure:7897: checking for sysroot
configure:7927: result: no
configure:8004: gcc -c -g -O2  conftest.c >&5
configure:8007: $? = 0
configure:8183: checking for mt
configure:8199: found /bin/mt
configure:8210: result: mt
configure:8233: checking if mt is a manifest tool
configure:8239: mt '-?'
configure:8247: result: no
configure:8885: checking for ANSI C header files
configure:8905: gcc -c -g -O2  conftest.c >&5
configure:8905: $? = 0
configure:8978: gcc -o conftest -g -O2   conftest.c  >&5
configure:8978: $? = 0
configure:8978: ./conftest
configure:8978: $? = 0
configure:8989: result: yes
configure:9002: checking for sys/types.h
configure:9002: gcc -c -g -O2  conftest.c >&5
configure:9002: $? = 0
configure:9002: result: yes
configure:9002: checking for sys/stat.h
configure:9002: gcc -c -g -O2  conftest.c >&5
configure:9002: $? = 0
configure:9002: result: yes
configure:9002: checking for stdlib.h
configure:9002: gcc -c -g -O2  conftest.c >&5
configure:9002: $? = 0
configure:9002: result: yes
configure:9002: checking for string.h
configure:9002: gcc -c -g -O2  conftest.c >&5
configure:9002: $? = 0
configure:9002: result: yes
configure:9002: checking for memory.h
configure:9002: gcc -c -g -O2  conftest.c >&5
configure:9002: $? = 0
configure:9002: result: yes
configure:9002: checking for strings.h
configure:9002: gcc -c -g -O2  conftest.c >&5
configure:9002: $? = 0
configure:9002: result: yes
configure:9002: checking for inttypes.h
configure:9002: gcc -c -g -O2  conftest.c >&5
configure:9002: $? = 0
configure:9002: result: yes
configure:9002: checking for stdint.h
configure:9002: gcc -c -g -O2  conftest.c >&5
configure:9002: $? = 0
configure:9002: result: yes
configure:9002: checking for unistd.h
configure:9002: gcc -c -g -O2  conftest.c >&5
configure:9002: $? = 0
configure:9002: result: yes
configure:9016: checking for dlfcn.h
configure:9016: gcc -c -g -O2  conftest.c >&5
configure:9016: $? = 0
configure:9016: result: yes
configure:9233: checking for objdir
configure:9248: result: .libs
configure:9515: checking if gcc supports -fno-rtti -fno-exceptions
configure:9533: gcc -c -g -O2  -fno-rtti -fno-exceptions conftest.c >&5
cc1: warning: command line option '-fno-rtti' is valid for C++/ObjC++ but not for C [enabled by default]
configure:9537: $? = 0
configure:9550: result: no
configure:9877: checking for gcc option to produce PIC
configure:9884: result: -fPIC -DPIC
configure:9892: checking if gcc PIC flag -fPIC -DPIC works
configure:9910: gcc -c -g -O2  -fPIC -DPIC -DPIC conftest.c >&5
configure:9914: $? = 0
configure:9927: result: yes
configure:9956: checking if gcc static flag -static works
configure:9984: result: yes
configure:9999: checking if gcc supports -c -o file.o
configure:10020: gcc -c -g -O2  -o out/conftest2.o conftest.c >&5
configure:10024: $? = 0
configure:10046: result: yes
configure:10054: checking if gcc supports -c -o file.o
configure:10101: result: yes
configure:10134: checking whether the gcc linker (/usr/bin/ld -m elf_x86_64) supports shared libraries
configure:11291: result: yes
configure:11328: checking whether -lc should be explicitly linked in
configure:11336: gcc -c -g -O2  conftest.c >&5
configure:11339: $? = 0
configure:11354: gcc -shared  -fPIC -DPIC conftest.o  -v -Wl,-soname -Wl,conftest -o conftest 2\>\&1 \| /bin/grep  -lc  \>/dev/null 2\>\&1
configure:11357: $? = 0
configure:11371: result: no
configure:11531: checking dynamic linker characteristics
configure:12042: gcc -o conftest -g -O2   -Wl,-rpath -Wl,/foo conftest.c  >&5
configure:12042: $? = 0
configure:12276: result: GNU/Linux ld.so
configure:12383: checking how to hardcode library paths into programs
configure:12408: result: immediate
configure:12948: checking whether stripping libraries is possible
configure:12953: result: yes
configure:12988: checking if libtool supports shared libraries
configure:12990: result: yes
configure:12993: checking whether to build shared libraries
configure:13014: result: yes
configure:13017: checking whether to build static libraries
configure:13021: result: yes
configure:13044: checking how to run the C++ preprocessor
configure:13071: g++ -E  conftest.cpp
configure:13071: $? = 0
configure:13085: g++ -E  conftest.cpp
conftest.cpp:23:28: fatal error: ac_nonexistent.h: No such file or directory
compilation terminated.
configure:13085: $? = 1
configure: failed program was:
| /* confdefs.h */
| #define PACKAGE_NAME "drgeo"
| #define PACKAGE_TARNAME "drgeo"
| #define PACKAGE_VERSION "1.1.0"
| #define PACKAGE_STRING "drgeo 1.1.0"
| #define PACKAGE_BUGREPORT "http://bugzilla.gnome.org/enter_bug.cgi?product=drgeo"
| #define PACKAGE_URL ""
| #define PACKAGE "drgeo"
| #define VERSION "1.1.0"
| #define STDC_HEADERS 1
| #define HAVE_SYS_TYPES_H 1
| #define HAVE_SYS_STAT_H 1
| #define HAVE_STDLIB_H 1
| #define HAVE_STRING_H 1
| #define HAVE_MEMORY_H 1
| #define HAVE_STRINGS_H 1
| #define HAVE_INTTYPES_H 1
| #define HAVE_STDINT_H 1
| #define HAVE_UNISTD_H 1
| #define HAVE_DLFCN_H 1
| #define LT_OBJDIR ".libs/"
| /* end confdefs.h.  */
| #include <ac_nonexistent.h>
configure:13110: result: g++ -E
configure:13130: g++ -E  conftest.cpp
configure:13130: $? = 0
configure:13144: g++ -E  conftest.cpp
conftest.cpp:23:28: fatal error: ac_nonexistent.h: No such file or directory
compilation terminated.
configure:13144: $? = 1
configure: failed program was:
| /* confdefs.h */
| #define PACKAGE_NAME "drgeo"
| #define PACKAGE_TARNAME "drgeo"
| #define PACKAGE_VERSION "1.1.0"
| #define PACKAGE_STRING "drgeo 1.1.0"
| #define PACKAGE_BUGREPORT "http://bugzilla.gnome.org/enter_bug.cgi?product=drgeo"
| #define PACKAGE_URL ""
| #define PACKAGE "drgeo"
| #define VERSION "1.1.0"
| #define STDC_HEADERS 1
| #define HAVE_SYS_TYPES_H 1
| #define HAVE_SYS_STAT_H 1
| #define HAVE_STDLIB_H 1
| #define HAVE_STRING_H 1
| #define HAVE_MEMORY_H 1
| #define HAVE_STRINGS_H 1
| #define HAVE_INTTYPES_H 1
| #define HAVE_STDINT_H 1
| #define HAVE_UNISTD_H 1
| #define HAVE_DLFCN_H 1
| #define LT_OBJDIR ".libs/"
| /* end confdefs.h.  */
| #include <ac_nonexistent.h>
configure:13313: checking for ld used by g++
configure:13380: result: /usr/bin/ld -m elf_x86_64
configure:13387: checking if the linker (/usr/bin/ld -m elf_x86_64) is GNU ld
configure:13402: result: yes
configure:13457: checking whether the g++ linker (/usr/bin/ld -m elf_x86_64) supports shared libraries
configure:14462: result: yes
configure:14498: g++ -c -g -O2  conftest.cpp >&5
configure:14501: $? = 0
configure:15021: checking for g++ option to produce PIC
configure:15028: result: -fPIC -DPIC
configure:15036: checking if g++ PIC flag -fPIC -DPIC works
configure:15054: g++ -c -g -O2  -fPIC -DPIC -DPIC conftest.cpp >&5
configure:15058: $? = 0
configure:15071: result: yes
configure:15094: checking if g++ static flag -static works
configure:15122: result: yes
configure:15134: checking if g++ supports -c -o file.o
configure:15155: g++ -c -g -O2  -o out/conftest2.o conftest.cpp >&5
configure:15159: $? = 0
configure:15181: result: yes
configure:15186: checking if g++ supports -c -o file.o
configure:15233: result: yes
configure:15263: checking whether the g++ linker (/usr/bin/ld -m elf_x86_64) supports shared libraries
configure:15302: result: yes
configure:15443: checking dynamic linker characteristics
configure:16122: result: GNU/Linux ld.so
configure:16175: checking how to hardcode library paths into programs
configure:16200: result: immediate
configure:16319: checking for pkg-config
configure:16337: found /usr/bin/pkg-config
configure:16349: result: /usr/bin/pkg-config
configure:16374: checking pkg-config is at least version 0.9.0
configure:16377: result: yes
configure:16387: checking for DRGEO
configure:16394: $PKG_CONFIG --exists --print-errors "gtk+-2.0 libglade-2.0 libxml-2.0"
configure:16397: $? = 0
configure:16411: $PKG_CONFIG --exists --print-errors "gtk+-2.0 libglade-2.0 libxml-2.0"
configure:16414: $? = 0
configure:16472: result: yes
configure:16480: checking for guile
configure:16498: found /usr/bin/guile
configure:16510: result: /usr/bin/guile
configure:16524: checking for guile-config
configure:16542: found /usr/bin/guile-config
configure:16554: result: /usr/bin/guile-config
configure:16568: checking for guile-tools
configure:16586: found /usr/bin/guile-tools
configure:16598: result: /usr/bin/guile-tools
configure:16610: checking libguile compile flags
configure:16613: result:   -pthread
configure:16615: checking libguile link flags
configure:16618: result:  -pthread  -lguile -lltdl -Wl,-Bsymbolic-functions -lgmp -lcrypt -lm -lltdl
configure:16639: checking locale.h usability
configure:16639: gcc -c -g -O2  conftest.c >&5
configure:16639: $? = 0
configure:16639: result: yes
configure:16639: checking locale.h presence
configure:16639: gcc -E  conftest.c
configure:16639: $? = 0
configure:16639: result: yes
configure:16639: checking for locale.h
configure:16639: result: yes
configure:16650: checking for LC_MESSAGES
configure:16666: gcc -o conftest -g -O2   conftest.c  >&5
configure:16666: $? = 0
configure:16674: result: yes
configure:16691: checking libintl.h usability
configure:16691: gcc -c -g -O2  conftest.c >&5
configure:16691: $? = 0
configure:16691: result: yes
configure:16691: checking libintl.h presence
configure:16691: gcc -E  conftest.c
configure:16691: $? = 0
configure:16691: result: yes
configure:16691: checking for libintl.h
configure:16691: result: yes
configure:16699: checking for ngettext in libc
configure:16717: gcc -o conftest -g -O2   conftest.c  >&5
configure:16717: $? = 0
configure:16726: result: yes
configure:16730: checking for dgettext in libc
configure:16748: gcc -o conftest -g -O2   conftest.c  >&5
configure:16748: $? = 0
configure:16757: result: yes
configure:16764: checking for bind_textdomain_codeset
configure:16764: gcc -o conftest -g -O2   conftest.c  >&5
configure:16764: $? = 0
configure:16764: result: yes
configure:17040: checking for msgfmt
configure:17067: result: /usr/bin/msgfmt
configure:17078: checking for dcgettext
configure:17078: gcc -o conftest -g -O2   conftest.c   >&5
conftest.c:50:6: warning: conflicting types for built-in function 'dcgettext' [enabled by default]
configure:17078: $? = 0
configure:17078: result: yes
configure:17088: checking if msgfmt accepts -c
configure:17103: $MSGFMT -c -o /dev/null conftest.foo
configure:17106: $? = 0
configure:17108: result: yes
configure:17118: checking for gmsgfmt
configure:17149: result: /usr/bin/msgfmt
configure:17159: checking for xgettext
configure:17186: result: /usr/bin/xgettext
configure:17205: gcc -o conftest -g -O2   conftest.c   >&5
configure:17205: $? = 0
configure:17287: checking for catalogs to be installed
configure:17312: result:  az ca cs da de el en_CA en_GB es eu fr ga gl gu hi hr hu it ja ml mr nb ne nl no pl pt pt_BR ru rw sl sq sr sr@Latn sv uk zh_CN zh_TW
configure:17495: creating ./config.status

## ---------------------- ##
## Running config.status. ##
## ---------------------- ##

This file was extended by drgeo config.status 1.1.0, which was
generated by GNU Autoconf 2.68.  Invocation command line was

  CONFIG_FILES    = 
  CONFIG_HEADERS  = 
  CONFIG_LINKS    = 
  CONFIG_COMMANDS = 
  $ ./config.status 

on devinder-Vostro-1450

config.status:1262: creating drgeo.spec
config.status:1262: creating Makefile
config.status:1262: creating geo/Makefile
config.status:1262: creating icons/Makefile
config.status:1262: creating glade/Makefile
config.status:1262: creating po/Makefile.in
config.status:1262: creating examples/Makefile
config.status:1262: creating examples/figures/Makefile
config.status:1262: creating examples/macro/Makefile
config.status:1262: creating examples/scheme/Makefile
config.status:1262: creating scm/Makefile
config.status:1262: creating encode/Makefile
config.status:1262: creating plugin/Makefile
config.status:1262: creating plugin/drgeo/Makefile
config.status:1262: creating plugin/drgeo/progs/Makefile
config.status:1262: creating config.h
config.status:1443: config.h is unchanged
config.status:1491: executing depfiles commands
config.status:1491: executing libtool commands
config.status:1491: executing default-1 commands
config.status:1491: executing po/stamp-it commands

## ---------------- ##
## Cache variables. ##
## ---------------- ##

ac_cv_build=x86_64-unknown-linux-gnu
ac_cv_c_compiler_gnu=yes
ac_cv_cxx_compiler_gnu=yes
ac_cv_env_CCC_set=
ac_cv_env_CCC_value=
ac_cv_env_CC_set=
ac_cv_env_CC_value=
ac_cv_env_CFLAGS_set=
ac_cv_env_CFLAGS_value=
ac_cv_env_CPPFLAGS_set=
ac_cv_env_CPPFLAGS_value=
ac_cv_env_CPP_set=
ac_cv_env_CPP_value=
ac_cv_env_CXXCPP_set=
ac_cv_env_CXXCPP_value=
ac_cv_env_CXXFLAGS_set=
ac_cv_env_CXXFLAGS_value=
ac_cv_env_CXX_set=
ac_cv_env_CXX_value=
ac_cv_env_DRGEO_CFLAGS_set=
ac_cv_env_DRGEO_CFLAGS_value=
ac_cv_env_DRGEO_LIBS_set=
ac_cv_env_DRGEO_LIBS_value=
ac_cv_env_LDFLAGS_set=
ac_cv_env_LDFLAGS_value=
ac_cv_env_LIBS_set=
ac_cv_env_LIBS_value=
ac_cv_env_PKG_CONFIG_LIBDIR_set=
ac_cv_env_PKG_CONFIG_LIBDIR_value=
ac_cv_env_PKG_CONFIG_PATH_set=
ac_cv_env_PKG_CONFIG_PATH_value=
ac_cv_env_PKG_CONFIG_set=
ac_cv_env_PKG_CONFIG_value=
ac_cv_env_build_alias_set=
ac_cv_env_build_alias_value=
ac_cv_env_host_alias_set=
ac_cv_env_host_alias_value=
ac_cv_env_target_alias_set=
ac_cv_env_target_alias_value=
ac_cv_func_bind_textdomain_codeset=yes
ac_cv_func_dcgettext=yes
ac_cv_header_dlfcn_h=yes
ac_cv_header_inttypes_h=yes
ac_cv_header_libintl_h=yes
ac_cv_header_locale_h=yes
ac_cv_header_memory_h=yes
ac_cv_header_stdc=yes
ac_cv_header_stdint_h=yes
ac_cv_header_stdlib_h=yes
ac_cv_header_string_h=yes
ac_cv_header_strings_h=yes
ac_cv_header_sys_stat_h=yes
ac_cv_header_sys_types_h=yes
ac_cv_header_unistd_h=yes
ac_cv_host=x86_64-unknown-linux-gnu
ac_cv_objext=o
ac_cv_path_EGREP='/bin/grep -E'
ac_cv_path_FGREP='/bin/grep -F'
ac_cv_path_GMSGFMT=/usr/bin/msgfmt
ac_cv_path_GREP=/bin/grep
ac_cv_path_GUILE=/usr/bin/guile
ac_cv_path_GUILE_CONFIG=/usr/bin/guile-config
ac_cv_path_GUILE_TOOLS=/usr/bin/guile-tools
ac_cv_path_INTLTOOL_EXTRACT=/usr/bin/intltool-extract
ac_cv_path_INTLTOOL_MERGE=/usr/bin/intltool-merge
ac_cv_path_INTLTOOL_PERL=/usr/bin/perl
ac_cv_path_INTLTOOL_UPDATE=/usr/bin/intltool-update
ac_cv_path_MSGFMT=/usr/bin/msgfmt
ac_cv_path_MSGMERGE=/usr/bin/msgmerge
ac_cv_path_SED=/bin/sed
ac_cv_path_XGETTEXT=/usr/bin/xgettext
ac_cv_path_ac_pt_PKG_CONFIG=/usr/bin/pkg-config
ac_cv_path_install='/usr/bin/install -c'
ac_cv_path_mkdir=/bin/mkdir
ac_cv_prog_AWK=mawk
ac_cv_prog_CPP='gcc -E'
ac_cv_prog_CXXCPP='g++ -E'
ac_cv_prog_ac_ct_AR=ar
ac_cv_prog_ac_ct_CC=gcc
ac_cv_prog_ac_ct_CXX=g++
ac_cv_prog_ac_ct_MANIFEST_TOOL=mt
ac_cv_prog_ac_ct_OBJDUMP=objdump
ac_cv_prog_ac_ct_RANLIB=ranlib
ac_cv_prog_ac_ct_STRIP=strip
ac_cv_prog_cc_c89=
ac_cv_prog_cc_g=yes
ac_cv_prog_cxx_g=yes
ac_cv_prog_make_make_set=yes
am_cv_CC_dependencies_compiler_type=gcc3
am_cv_CXX_dependencies_compiler_type=gcc3
am_cv_val_LC_MESSAGES=yes
gt_cv_func_dgettext_libc=yes
gt_cv_func_dgettext_libintl=no
gt_cv_func_ngettext_libc=yes
gt_cv_have_gettext=yes
lt_cv_ar_at_file=@
lt_cv_archive_cmds_need_lc=no
lt_cv_deplibs_check_method=pass_all
lt_cv_file_magic_cmd='$MAGIC_CMD'
lt_cv_file_magic_test_file=
lt_cv_ld_reload_flag=-r
lt_cv_nm_interface='BSD nm'
lt_cv_objdir=.libs
lt_cv_path_LD=/usr/bin/ld
lt_cv_path_LDCXX='/usr/bin/ld -m elf_x86_64'
lt_cv_path_NM='/usr/bin/nm -B'
lt_cv_path_mainfest_tool=no
lt_cv_prog_compiler_c_o=yes
lt_cv_prog_compiler_c_o_CXX=yes
lt_cv_prog_compiler_pic='-fPIC -DPIC'
lt_cv_prog_compiler_pic_CXX='-fPIC -DPIC'
lt_cv_prog_compiler_pic_works=yes
lt_cv_prog_compiler_pic_works_CXX=yes
lt_cv_prog_compiler_rtti_exceptions=no
lt_cv_prog_compiler_static_works=yes
lt_cv_prog_compiler_static_works_CXX=yes
lt_cv_prog_gnu_ld=yes
lt_cv_prog_gnu_ldcxx=yes
lt_cv_sharedlib_from_linklib_cmd='printf %s\n'
lt_cv_shlibpath_overrides_runpath=no
lt_cv_sys_global_symbol_pipe='sed -n -e '\''s/^.*[	 ]\([ABCDGIRSTW][ABCDGIRSTW]*\)[	 ][	 ]*\([_A-Za-z][_A-Za-z0-9]*\)$/\1 \2 \2/p'\'' | sed '\''/ __gnu_lto/d'\'''
lt_cv_sys_global_symbol_to_c_name_address='sed -n -e '\''s/^: \([^ ]*\)[ ]*$/  {\"\1\", (void *) 0},/p'\'' -e '\''s/^[ABCDGIRSTW]* \([^ ]*\) \([^ ]*\)$/  {"\2", (void *) \&\2},/p'\'''
lt_cv_sys_global_symbol_to_c_name_address_lib_prefix='sed -n -e '\''s/^: \([^ ]*\)[ ]*$/  {\"\1\", (void *) 0},/p'\'' -e '\''s/^[ABCDGIRSTW]* \([^ ]*\) \(lib[^ ]*\)$/  {"\2", (void *) \&\2},/p'\'' -e '\''s/^[ABCDGIRSTW]* \([^ ]*\) \([^ ]*\)$/  {"lib\2", (void *) \&\2},/p'\'''
lt_cv_sys_global_symbol_to_cdecl='sed -n -e '\''s/^T .* \(.*\)$/extern int \1();/p'\'' -e '\''s/^[ABCDGIRSTW]* .* \(.*\)$/extern char \1;/p'\'''
lt_cv_sys_max_cmd_len=1572864
lt_cv_to_host_file_cmd=func_convert_file_noop
lt_cv_to_tool_file_cmd=func_convert_file_noop
pkg_cv_DRGEO_CFLAGS='-pthread -I/usr/include/gtk-2.0 -I/usr/lib/x86_64-linux-gnu/gtk-2.0/include -I/usr/include/atk-1.0 -I/usr/include/cairo -I/usr/include/gdk-pixbuf-2.0 -I/usr/include/pango-1.0 -I/usr/include/gio-unix-2.0/ -I/usr/include/glib-2.0 -I/usr/lib/x86_64-linux-gnu/glib-2.0/include -I/usr/include/pixman-1 -I/usr/include/freetype2 -I/usr/include/libpng12 -I/usr/include/libglade-2.0 -I/usr/include/libxml2  '
pkg_cv_DRGEO_LIBS='-lglade-2.0 -lgtk-x11-2.0 -lgdk-x11-2.0 -latk-1.0 -lgio-2.0 -lpangoft2-1.0 -lpangocairo-1.0 -lgdk_pixbuf-2.0 -lcairo -lpango-1.0 -lfreetype -lfontconfig -lgobject-2.0 -lglib-2.0 -lxml2  '

## ----------------- ##
## Output variables. ##
## ----------------- ##

ACLOCAL='${SHELL} /home/devinder/Desktop/drgeo/drgeo-1.1.0/missing --run aclocal-1.11'
ALL_LINGUAS='az ca cs da de el en_CA en_GB es eu fr ga gl gu hi hr hu it ja ml mr nb ne nl no pl pt pt_BR ru rw sl sq sr sr@Latn sv uk zh_CN zh_TW'
AMDEPBACKSLASH='\'
AMDEP_FALSE='#'
AMDEP_TRUE=''
AMTAR='$${TAR-tar}'
AM_DEFAULT_VERBOSITY='1'
AR='ar'
AUTOCONF='${SHELL} /home/devinder/Desktop/drgeo/drgeo-1.1.0/missing --run autoconf'
AUTOHEADER='${SHELL} /home/devinder/Desktop/drgeo/drgeo-1.1.0/missing --run autoheader'
AUTOMAKE='${SHELL} /home/devinder/Desktop/drgeo/drgeo-1.1.0/missing --run automake-1.11'
AWK='mawk'
CATALOGS=' az.gmo ca.gmo cs.gmo da.gmo de.gmo el.gmo en_CA.gmo en_GB.gmo es.gmo eu.gmo fr.gmo ga.gmo gl.gmo gu.gmo hi.gmo hr.gmo hu.gmo it.gmo ja.gmo ml.gmo mr.gmo nb.gmo ne.gmo nl.gmo no.gmo pl.gmo pt.gmo pt_BR.gmo ru.gmo rw.gmo sl.gmo sq.gmo sr.gmo sr@Latn.gmo sv.gmo uk.gmo zh_CN.gmo zh_TW.gmo'
CATOBJEXT='.gmo'
CC='gcc'
CCDEPMODE='depmode=gcc3'
CFLAGS='-g -O2'
CPP='gcc -E'
CPPFLAGS=''
CXX='g++'
CXXCPP='g++ -E'
CXXDEPMODE='depmode=gcc3'
CXXFLAGS='-g -O2'
CYGPATH_W='echo'
DATADIRNAME='share'
DEFS='-DHAVE_CONFIG_H'
DEPDIR='.deps'
DLLTOOL='false'
DRGEO_CFLAGS='-pthread -I/usr/include/gtk-2.0 -I/usr/lib/x86_64-linux-gnu/gtk-2.0/include -I/usr/include/atk-1.0 -I/usr/include/cairo -I/usr/include/gdk-pixbuf-2.0 -I/usr/include/pango-1.0 -I/usr/include/gio-unix-2.0/ -I/usr/include/glib-2.0 -I/usr/lib/x86_64-linux-gnu/glib-2.0/include -I/usr/include/pixman-1 -I/usr/include/freetype2 -I/usr/include/libpng12 -I/usr/include/libglade-2.0 -I/usr/include/libxml2  '
DRGEO_LIBS='-lglade-2.0 -lgtk-x11-2.0 -lgdk-x11-2.0 -latk-1.0 -lgio-2.0 -lpangoft2-1.0 -lpangocairo-1.0 -lgdk_pixbuf-2.0 -lcairo -lpango-1.0 -lfreetype -lfontconfig -lgobject-2.0 -lglib-2.0 -lxml2  '
DSYMUTIL=''
DUMPBIN=''
ECHO_C=''
ECHO_N='-n'
ECHO_T=''
EGREP='/bin/grep -E'
EXEEXT=''
FGREP='/bin/grep -F'
GETTEXT_PACKAGE='drgeo'
GMOFILES=' az.gmo ca.gmo cs.gmo da.gmo de.gmo el.gmo en_CA.gmo en_GB.gmo es.gmo eu.gmo fr.gmo ga.gmo gl.gmo gu.gmo hi.gmo hr.gmo hu.gmo it.gmo ja.gmo ml.gmo mr.gmo nb.gmo ne.gmo nl.gmo no.gmo pl.gmo pt.gmo pt_BR.gmo ru.gmo rw.gmo sl.gmo sq.gmo sr.gmo sr@Latn.gmo sv.gmo uk.gmo zh_CN.gmo zh_TW.gmo'
GMSGFMT='/usr/bin/msgfmt'
GREP='/bin/grep'
GUILE='/usr/bin/guile'
GUILE_CFLAGS='  -pthread'
GUILE_CONFIG='/usr/bin/guile-config'
GUILE_LDFLAGS=' -pthread  -lguile -lltdl -Wl,-Bsymbolic-functions -lgmp -lcrypt -lm -lltdl'
GUILE_TOOLS='/usr/bin/guile-tools'
INSTALL_DATA='${INSTALL} -m 644'
INSTALL_PROGRAM='${INSTALL}'
INSTALL_SCRIPT='${INSTALL}'
INSTALL_STRIP_PROGRAM='$(install_sh) -c -s'
INSTOBJEXT='.mo'
INTLLIBS=''
INTLTOOL_CAVES_RULE='%.caves:     %.caves.in     $(INTLTOOL_MERGE) $(wildcard $(top_srcdir)/po/*.po) ; $(INTLTOOL_V_MERGE)LC_ALL=C $(INTLTOOL_MERGE) $(INTLTOOL_V_MERGE_OPTIONS) -d -u -c $(top_builddir)/po/.intltool-merge-cache $(top_srcdir)/po $< $@'
INTLTOOL_DESKTOP_RULE='%.desktop:   %.desktop.in   $(INTLTOOL_MERGE) $(wildcard $(top_srcdir)/po/*.po) ; $(INTLTOOL_V_MERGE)LC_ALL=C $(INTLTOOL_MERGE) $(INTLTOOL_V_MERGE_OPTIONS) -d -u -c $(top_builddir)/po/.intltool-merge-cache $(top_srcdir)/po $< $@'
INTLTOOL_DIRECTORY_RULE='%.directory: %.directory.in $(INTLTOOL_MERGE) $(wildcard $(top_srcdir)/po/*.po) ; $(INTLTOOL_V_MERGE)LC_ALL=C $(INTLTOOL_MERGE) $(INTLTOOL_V_MERGE_OPTIONS) -d -u -c $(top_builddir)/po/.intltool-merge-cache $(top_srcdir)/po $< $@'
INTLTOOL_EXTRACT='/usr/bin/intltool-extract'
INTLTOOL_KBD_RULE='%.kbd:       %.kbd.in       $(INTLTOOL_MERGE) $(wildcard $(top_srcdir)/po/*.po) ; $(INTLTOOL_V_MERGE)LC_ALL=C $(INTLTOOL_MERGE) $(INTLTOOL_V_MERGE_OPTIONS) -x -u -m -c $(top_builddir)/po/.intltool-merge-cache $(top_srcdir)/po $< $@'
INTLTOOL_KEYS_RULE='%.keys:      %.keys.in      $(INTLTOOL_MERGE) $(wildcard $(top_srcdir)/po/*.po) ; $(INTLTOOL_V_MERGE)LC_ALL=C $(INTLTOOL_MERGE) $(INTLTOOL_V_MERGE_OPTIONS) -k -u -c $(top_builddir)/po/.intltool-merge-cache $(top_srcdir)/po $< $@'
INTLTOOL_MERGE='/usr/bin/intltool-merge'
INTLTOOL_OAF_RULE='%.oaf:       %.oaf.in       $(INTLTOOL_MERGE) $(wildcard $(top_srcdir)/po/*.po) ; $(INTLTOOL_V_MERGE)LC_ALL=C $(INTLTOOL_MERGE) $(INTLTOOL_V_MERGE_OPTIONS) -o -p $(top_srcdir)/po $< $@'
INTLTOOL_PERL='/usr/bin/perl'
INTLTOOL_POLICY_RULE='%.policy:    %.policy.in    $(INTLTOOL_MERGE) $(wildcard $(top_srcdir)/po/*.po) ; $(INTLTOOL_V_MERGE)LC_ALL=C $(INTLTOOL_MERGE) $(INTLTOOL_V_MERGE_OPTIONS) -x -u -c $(top_builddir)/po/.intltool-merge-cache $(top_srcdir)/po $< $@'
INTLTOOL_PONG_RULE='%.pong:      %.pong.in      $(INTLTOOL_MERGE) $(wildcard $(top_srcdir)/po/*.po) ; $(INTLTOOL_V_MERGE)LC_ALL=C $(INTLTOOL_MERGE) $(INTLTOOL_V_MERGE_OPTIONS) -x -u -c $(top_builddir)/po/.intltool-merge-cache $(top_srcdir)/po $< $@'
INTLTOOL_PROP_RULE='%.prop:      %.prop.in      $(INTLTOOL_MERGE) $(wildcard $(top_srcdir)/po/*.po) ; $(INTLTOOL_V_MERGE)LC_ALL=C $(INTLTOOL_MERGE) $(INTLTOOL_V_MERGE_OPTIONS) -d -u -c $(top_builddir)/po/.intltool-merge-cache $(top_srcdir)/po $< $@'
INTLTOOL_SCHEMAS_RULE='%.schemas:   %.schemas.in   $(INTLTOOL_MERGE) $(wildcard $(top_srcdir)/po/*.po) ; $(INTLTOOL_V_MERGE)LC_ALL=C $(INTLTOOL_MERGE) $(INTLTOOL_V_MERGE_OPTIONS) -s -u -c $(top_builddir)/po/.intltool-merge-cache $(top_srcdir)/po $< $@'
INTLTOOL_SERVER_RULE='%.server:    %.server.in    $(INTLTOOL_MERGE) $(wildcard $(top_srcdir)/po/*.po) ; $(INTLTOOL_V_MERGE)LC_ALL=C $(INTLTOOL_MERGE) $(INTLTOOL_V_MERGE_OPTIONS) -o -u -c $(top_builddir)/po/.intltool-merge-cache $(top_srcdir)/po $< $@'
INTLTOOL_SERVICE_RULE='%.service: %.service.in   $(INTLTOOL_MERGE) $(wildcard $(top_srcdir)/po/*.po) ; $(INTLTOOL_V_MERGE)LC_ALL=C $(INTLTOOL_MERGE) $(INTLTOOL_V_MERGE_OPTIONS) -d -u -c $(top_builddir)/po/.intltool-merge-cache $(top_srcdir)/po $< $@'
INTLTOOL_SHEET_RULE='%.sheet:     %.sheet.in     $(INTLTOOL_MERGE) $(wildcard $(top_srcdir)/po/*.po) ; $(INTLTOOL_V_MERGE)LC_ALL=C $(INTLTOOL_MERGE) $(INTLTOOL_V_MERGE_OPTIONS) -x -u -c $(top_builddir)/po/.intltool-merge-cache $(top_srcdir)/po $< $@'
INTLTOOL_SOUNDLIST_RULE='%.soundlist: %.soundlist.in $(INTLTOOL_MERGE) $(wildcard $(top_srcdir)/po/*.po) ; $(INTLTOOL_V_MERGE)LC_ALL=C $(INTLTOOL_MERGE) $(INTLTOOL_V_MERGE_OPTIONS) -d -u -c $(top_builddir)/po/.intltool-merge-cache $(top_srcdir)/po $< $@'
INTLTOOL_THEME_RULE='%.theme:     %.theme.in     $(INTLTOOL_MERGE) $(wildcard $(top_srcdir)/po/*.po) ; $(INTLTOOL_V_MERGE)LC_ALL=C $(INTLTOOL_MERGE) $(INTLTOOL_V_MERGE_OPTIONS) -d -u -c $(top_builddir)/po/.intltool-merge-cache $(top_srcdir)/po $< $@'
INTLTOOL_UI_RULE='%.ui:        %.ui.in        $(INTLTOOL_MERGE) $(wildcard $(top_srcdir)/po/*.po) ; $(INTLTOOL_V_MERGE)LC_ALL=C $(INTLTOOL_MERGE) $(INTLTOOL_V_MERGE_OPTIONS) -x -u -c $(top_builddir)/po/.intltool-merge-cache $(top_srcdir)/po $< $@'
INTLTOOL_UPDATE='/usr/bin/intltool-update'
INTLTOOL_V_MERGE='$(INTLTOOL__v_MERGE_$(V))'
INTLTOOL_V_MERGE_OPTIONS='$(intltool__v_merge_options_$(V))'
INTLTOOL_XAM_RULE='%.xam:       %.xml.in       $(INTLTOOL_MERGE) $(wildcard $(top_srcdir)/po/*.po) ; $(INTLTOOL_V_MERGE)LC_ALL=C $(INTLTOOL_MERGE) $(INTLTOOL_V_MERGE_OPTIONS) -x -u -c $(top_builddir)/po/.intltool-merge-cache $(top_srcdir)/po $< $@'
INTLTOOL_XML_NOMERGE_RULE='%.xml:       %.xml.in       $(INTLTOOL_MERGE) ; $(INTLTOOL_V_MERGE)LC_ALL=C $(INTLTOOL_MERGE) $(INTLTOOL_V_MERGE_OPTIONS) -x -u --no-translations $< $@'
INTLTOOL_XML_RULE='%.xml:       %.xml.in       $(INTLTOOL_MERGE) $(wildcard $(top_srcdir)/po/*.po) ; $(INTLTOOL_V_MERGE)LC_ALL=C $(INTLTOOL_MERGE) $(INTLTOOL_V_MERGE_OPTIONS) -x -u -c $(top_builddir)/po/.intltool-merge-cache $(top_srcdir)/po $< $@'
INTLTOOL__v_MERGE_0='@echo "  ITMRG " $@;'
INTLTOOL__v_MERGE_='$(INTLTOOL__v_MERGE_$(AM_DEFAULT_VERBOSITY))'
LD='/usr/bin/ld -m elf_x86_64'
LDFLAGS=''
LIBOBJS=''
LIBS=''
LIBTOOL='$(SHELL) $(top_builddir)/libtool'
LIPO=''
LN_S='ln -s'
LTLIBOBJS=''
MAINT='#'
MAINTAINER_MODE_FALSE=''
MAINTAINER_MODE_TRUE='#'
MAKEINFO='${SHELL} /home/devinder/Desktop/drgeo/drgeo-1.1.0/missing --run makeinfo'
MANIFEST_TOOL=':'
MKDIR_P='/bin/mkdir -p'
MKINSTALLDIRS='./mkinstalldirs'
MSGFMT='/usr/bin/msgfmt'
MSGFMT_OPTS='-c'
MSGMERGE='/usr/bin/msgmerge'
NM='/usr/bin/nm -B'
NMEDIT=''
OBJDUMP='objdump'
OBJEXT='o'
OTOOL64=''
OTOOL=''
PACKAGE='drgeo'
PACKAGE_BUGREPORT='http://bugzilla.gnome.org/enter_bug.cgi?product=drgeo'
PACKAGE_NAME='drgeo'
PACKAGE_STRING='drgeo 1.1.0'
PACKAGE_TARNAME='drgeo'
PACKAGE_URL=''
PACKAGE_VERSION='1.1.0'
PATH_SEPARATOR=':'
PKG_CONFIG='/usr/bin/pkg-config'
PKG_CONFIG_LIBDIR=''
PKG_CONFIG_PATH=''
POFILES=' az.po ca.po cs.po da.po de.po el.po en_CA.po en_GB.po es.po eu.po fr.po ga.po gl.po gu.po hi.po hr.po hu.po it.po ja.po ml.po mr.po nb.po ne.po nl.po no.po pl.po pt.po pt_BR.po ru.po rw.po sl.po sq.po sr.po sr@Latn.po sv.po uk.po zh_CN.po zh_TW.po'
POSUB='po'
PO_IN_DATADIR_FALSE=''
PO_IN_DATADIR_TRUE=''
RANLIB='ranlib'
SED='/bin/sed'
SET_MAKE=''
SHELL='/bin/bash'
STRIP='strip'
USE_NLS='yes'
VERSION='1.1.0'
XGETTEXT='/usr/bin/xgettext'
ac_ct_AR='ar'
ac_ct_CC='gcc'
ac_ct_CXX='g++'
ac_ct_DUMPBIN=''
am__EXEEXT_FALSE=''
am__EXEEXT_TRUE='#'
am__fastdepCC_FALSE='#'
am__fastdepCC_TRUE=''
am__fastdepCXX_FALSE='#'
am__fastdepCXX_TRUE=''
am__include='include'
am__isrc=''
am__leading_dot='.'
am__nodep='_no'
am__quote=''
am__tar='$${TAR-tar} chof - "$$tardir"'
am__untar='$${TAR-tar} xf -'
bindir='${exec_prefix}/bin'
build='x86_64-unknown-linux-gnu'
build_alias=''
build_cpu='x86_64'
build_os='linux-gnu'
build_vendor='unknown'
datadir='${datarootdir}'
datarootdir='${prefix}/share'
docdir='${datarootdir}/doc/${PACKAGE_TARNAME}'
dvidir='${docdir}'
exec_prefix='${prefix}'
host='x86_64-unknown-linux-gnu'
host_alias=''
host_cpu='x86_64'
host_os='linux-gnu'
host_vendor='unknown'
htmldir='${docdir}'
includedir='${prefix}/include'
infodir='${datarootdir}/info'
install_sh='${SHELL} /home/devinder/Desktop/drgeo/drgeo-1.1.0/install-sh'
intltool__v_merge_options_0='-q'
intltool__v_merge_options_='$(intltool__v_merge_options_$(AM_DEFAULT_VERBOSITY))'
libdir='${exec_prefix}/lib'
libexecdir='${exec_prefix}/libexec'
localedir='${datarootdir}/locale'
localstatedir='${prefix}/var'
mandir='${datarootdir}/man'
mkdir_p='/bin/mkdir -p'
oldincludedir='/usr/include'
pdfdir='${docdir}'
prefix='/usr'
program_transform_name='s,x,x,'
psdir='${docdir}'
sbindir='${exec_prefix}/sbin'
sharedstatedir='${prefix}/com'
sysconfdir='${prefix}/etc'
target_alias=''

## ----------- ##
## confdefs.h. ##
## ----------- ##

/* confdefs.h */
#define PACKAGE_NAME "drgeo"
#define PACKAGE_TARNAME "drgeo"
#define PACKAGE_VERSION "1.1.0"
#define PACKAGE_STRING "drgeo 1.1.0"
#define PACKAGE_BUGREPORT "http://bugzilla.gnome.org/enter_bug.cgi?product=drgeo"
#define PACKAGE_URL ""
#define PACKAGE "drgeo"
#define VERSION "1.1.0"
#define STDC_HEADERS 1
#define HAVE_SYS_TYPES_H 1
#define HAVE_SYS_STAT_H 1
#define HAVE_STDLIB_H 1
#define HAVE_STRING_H 1
#define HAVE_MEMORY_H 1
#define HAVE_STRINGS_H 1
#define HAVE_INTTYPES_H 1
#define HAVE_STDINT_H 1
#define HAVE_UNISTD_H 1
#define HAVE_DLFCN_H 1
#define LT_OBJDIR ".libs/"
#define HAVE_LOCALE_H 1
#define HAVE_LC_MESSAGES 1
#define HAVE_BIND_TEXTDOMAIN_CODESET 1
#define HAVE_GETTEXT 1
#define HAVE_DCGETTEXT 1
#define ENABLE_NLS 1
#define GETTEXT_PACKAGE "drgeo"

configure: exit 0
